<?xml version="1.0" encoding="UTF-8"?>
<testsuite xmlns:xsi="http://www.w3.org/2001/XMLSchema-instance" xsi:noNamespaceSchemaLocation="https://maven.apache.org/surefire/maven-surefire-plugin/xsd/surefire-test-report-3.0.xsd" version="3.0" name="com.github.danilogmoura.factory.pagamento.PagamentoViaPagSeguroTest" time="0.134" tests="1" errors="0" skipped="0" failures="0">
  <properties>
[...]
</properties>
  <testcase name="deveAutorizarVenda" classname="com.github.danilogmoura.factory.pagamento.PagamentoViaPagSeguroTest" time="0.115">
    <system-out><![CDATA[22:23:18.887 [main] INFO com.github.danilogmoura.factory.operadora.cielo.Cielo -- Fazendo o débito na conta do cliente via Cielo
]]></system-out>
  </testcase>
</testsuite>